Determining if files /usr/X11R6/include/X11/extensions/XInput2.h exist failed with the following output:
Change Dir: /Users/alex/Coding/geosim/liquidfun/Box2D/CMakeFiles/CMakeTmp

Run Build Command:/usr/local/Cellar/cmake/2.8.9/bin/cmakexbuild -project CMAKE_TRY_COMPILE.xcodeproj build -target cmTryCompileExec585659771 -configuration Debug
=== BUILD TARGET cmTryCompileExec585659771 OF PROJECT CMAKE_TRY_COMPILE WITH CONFIGURATION Debug ===

Check dependencies

Write auxiliary files
/bin/mkdir -p /Users/alex/Coding/geosim/liquidfun/Box2D/CMakeFiles/CMakeTmp/CMAKE_TRY_COMPILE.build/Debug/cmTryCompileExec585659771.build/Objects-normal/x86_64
write-file /Users/alex/Coding/geosim/liquidfun/Box2D/CMakeFiles/CMakeTmp/CMAKE_TRY_COMPILE.build/Debug/cmTryCompileExec585659771.build/Objects-normal/x86_64/cmTryCompileExec585659771.LinkFileList
write-file /Users/alex/Coding/geosim/liquidfun/Box2D/CMakeFiles/CMakeTmp/CMAKE_TRY_COMPILE.build/Debug/cmTryCompileExec585659771.build/Script-664D2471FA4E4570BC1EEE5A.sh
chmod 0755 /Users/alex/Coding/geosim/liquidfun/Box2D/CMakeFiles/CMakeTmp/CMAKE_TRY_COMPILE.build/Debug/cmTryCompileExec585659771.build/Script-664D2471FA4E4570BC1EEE5A.sh

CompileC CMAKE_TRY_COMPILE.build/Debug/cmTryCompileExec585659771.build/Objects-normal/x86_64/CheckIncludeFiles.o CheckIncludeFiles.c normal x86_64 c com.apple.compilers.llvm.clang.1_02015-01-24 19:09:12.670 xcodebuild[23136:3f07]  DVTAssertions: Warning in /SourceCache/IDEXcode3ProjectSupport/IDEXcode3ProjectSupport-5069/Xcode3Core/LegacyProjects/Frameworks/DevToolsCore/DevToolsCore/SpecificationTypes/BuiltInSpecifications/Compilers/XCGccMakefileDependencies.m:76
Details:  Failed to load dependencies output contents from ``/Users/alex/Coding/geosim/liquidfun/Box2D/CMakeFiles/CMakeTmp/CMAKE_TRY_COMPILE.build/Debug/cmTryCompileExec585659771.build/Objects-normal/x86_64/CheckIncludeFiles.d''. Error: Error Domain=NSCocoaErrorDomain Code=260 "The file “CheckIncludeFiles.d” couldn’t be opened because there is no such file." UserInfo=0x7ff51d069e10 {NSFilePath=/Users/alex/Coding/geosim/liquidfun/Box2D/CMakeFiles/CMakeTmp/CMAKE_TRY_COMPILE.build/Debug/cmTryCompileExec585659771.build/Objects-normal/x86_64/CheckIncludeFiles.d, NSUnderlyingError=0x7ff51d06c390 "The operation couldn’t be completed. No such file or directory"}. User info: {
    NSFilePath = "/Users/alex/Coding/geosim/liquidfun/.compiler
    cd /Users/alex/Coding/geosim/liquidfun/Box2D/CMakeFiles/CMakeTmp
    export LANG=en_US.US-ASCII
    /Applications/Xcode.app/Contents/Developer/Toolchains/XcodeDefault.xctoolchain/usr/bin/clang -x c -arch x86_64 -fmessage-length=0 -fdiagnostics-show-note-include-stack -fmacro-backtrace-limit=0 -Wno-trigraphs -fpascal-strings -O0 -Wno-missing-field-initializers -Wno-missing-prototypes -Wno-return-type -Wno-missing-braces -Wparentheses -Wswitch -Wno-unused-function -Wno-unused-label -Wno-unused-parameter -Wno-unused-variable -Wunused-value -Wno-empty-body -Wno-uninitialized -Wno-unknown-pragmas -Wno-shadow -Wno-four-char-constants -Wno-conversion -Wno-constant-conversion -Wno-int-conversion -Wno-bool-conversion -Wno-enum-conversion -Wno-shorten-64-to-32 -Wpointer-sign -Wno-newline-eof -DCMAKE_INTDIR=\"Debug\" -isysroot /Applications/Xcode.app/Contents/Developer/Platforms/MacOSX.platform/Developer/SDKs/MacOSX10.8.sdk -fasm-blocks -fstrict-aliasing -Wdeprecated-declarations -mmacosx-version-min=10.8 Box2D/CMakeFiles/CMakeTmp/CMAKE_TRY_COMPILE.build/Debug/cmTryCompileExec585659771.build/Objects-normal/x86_64/CheckIncludeFiles.d";
    NSUnderlyingError = "Error Domain=NSPOSIXErrorDomain Code=2 \"The operation couldn\U2019t be completed. No such file or directory\"";
}.
Function: void XCGccMakefileDependenciesParsePathsFromRuleFile(NSString *__strong, void (^__strong)(NSString *__strong))
Thread:   <NSThread: 0x7ff51d06c350>{name = (null), num = 9}
Please file a bug at http://bugreport.apple.com with this warning message and any useful information you can provide.
-g -Wno-sign-conversion -I/Users/alex/Coding/geosim/liquidfun/Box2D/CMakeFiles/CMakeTmp/Debug/include -I/Applications/Xcode.app/Contents/Developer/Toolchains/XcodeDefault.xctoolchain/usr/include -I/Users/alex/Coding/geosim/liquidfun/Box2D/CMakeFiles/CMakeTmp/CMAKE_TRY_COMPILE.build/Debug/cmTryCompileExec585659771.build/DerivedSources/x86_64 -I/Users/alex/Coding/geosim/liquidfun/Box2D/CMakeFiles/CMakeTmp/CMAKE_TRY_COMPILE.build/Debug/cmTryCompileExec585659771.build/DerivedSources -Wmost -Wno-four-char-constants -Wno-unknown-pragmas -F/Users/alex/Coding/geosim/liquidfun/Box2D/CMakeFiles/CMakeTmp/Debug -MMD -MT dependencies -MF /Users/alex/Coding/geosim/liquidfun/Box2D/CMakeFiles/CMakeTmp/CMAKE_TRY_COMPILE.build/Debug/cmTryCompileExec585659771.build/Objects-normal/x86_64/CheckIncludeFiles.d --serialize-diagnostics /Users/alex/Coding/geosim/liquidfun/Box2D/CMakeFiles/CMakeTmp/CMAKE_TRY_COMPILE.build/Debug/cmTryCompileExec585659771.build/Objects-normal/x86_64/CheckIncludeFiles.dia -c /Users/alex/Coding/geosim/liquidfun/Box2D/CMakeFiles/CMakeTmp/CheckIncludeFiles.c -o /Users/alex/Coding/geosim/liquidfun/Box2D/CMakeFiles/CMakeTmp/CMAKE_TRY_COMPILE.build/Debug/cmTryCompileExec585659771.build/Objects-normal/x86_64/CheckIncludeFiles.o
In file included from /Users/alex/Coding/geosim/liquidfun/Box2D/CMakeFiles/CMakeTmp/CheckIncludeFiles.c:2:
/usr/X11R6/include/X11/extensions/XInput2.h:30:10: fatal error: 'X11/Xlib.h' file not found
#include <X11/Xlib.h>
         ^
1 error generated.

** BUILD FAILED **


The following build commands failed:
	CompileC CMAKE_TRY_COMPILE.build/Debug/cmTryCompileExec585659771.build/Objects-normal/x86_64/CheckIncludeFiles.o CheckIncludeFiles.c normal x86_64 c com.apple.compilers.llvm.clang.1_0.compiler
(1 failure)

Source:
/* */
#include </usr/X11R6/include/X11/extensions/XInput2.h>


int main(){return 0;}

Determining if files usbhid.h exist failed with the following output:
Change Dir: /Users/alex/Coding/geosim/liquidfun/Box2D/CMakeFiles/CMakeTmp

Run Build Command:/usr/local/Cellar/cmake/2.8.9/bin/cmakexbuild -project CMAKE_TRY_COMPILE.xcodeproj build -target cmTryCompileExec2058819393 -configuration Debug
=== BUILD TARGET cmTryCompileExec2058819393 OF PROJECT CMAKE_TRY_COMPILE WITH CONFIGURATION Debug ===

Check dependencies

Write auxiliary files
/bin/mkdir -p /Users/alex/Coding/geosim/liquidfun/Box2D/CMakeFiles/CMakeTmp/CMAKE_TRY_COMPILE.build/Debug/cmTryCompileExec2058819393.build/Objects-normal/x86_64
write-file /Users/alex/Coding/geosim/liquidfun/Box2D/CMakeFiles/CMakeTmp/CMAKE_TRY_COMPILE.build/Debug/cmTryCompileExec2058819393.build/Objects-normal/x86_64/cmTryCompileExec2058819393.LinkFileList
write-file /Users/alex/Coding/geosim/liquidfun/Box2D/CMakeFiles/CMakeTmp/CMAKE_TRY_COMPILE.build/Debug/cmTryCompileExec2058819393.build/Script-745114BE290A48099D652405.sh
chmod 0755 /Users/alex/Coding/geosim/liquidfun/Box2D/CMakeFiles/CMakeTmp/CMAKE_TRY_COMPILE.build/Debug/cmTryCompileExec2058819393.build/Script-745114BE290A48099D652405.sh

CompileC CMAKE_TRY_COMPILE.build/Debug/cmTryCompileExec2058819393.build/Objects-normal/x86_64/CheckIncludeFiles.o CheckIncludeFiles.c normal x86_64 c com.apple.compilers.llvm.cl2015-01-24 19:09:17.040 xcodebuild[23329:1803]  DVTAssertions: Warning in /SourceCache/IDEXcode3ProjectSupport/IDEXcode3ProjectSupport-5069/Xcode3Core/LegacyProjects/Frameworks/DevToolsCore/DevToolsCore/SpecificationTypes/BuiltInSpecifications/Compilers/XCGccMakefileDependencies.m:76
Details:  Failed to load dependencies output contents from ``/Users/alex/Coding/geosim/liquidfun/Box2D/CMakeFiles/CMakeTmp/CMAKE_TRY_COMPILE.build/Debug/cmTryCompileExec2058819393.build/Objects-normal/x86_64/CheckIncludeFiles.d''. Error: Error Domain=NSCocoaErrorDomain Code=260 "The file “CheckIncludeFiles.d” couldn’t be opened because there is no such file." UserInfo=0x7fccebc50f80 {NSFilePath=/Users/alex/Coding/geosim/liquidfun/Box2D/CMakeFiles/CMakeTmp/CMAKE_TRY_COMPILE.build/Debug/cmTryCompileExec2058819393.build/Objects-normal/x86_64/CheckIncludeFiles.d, NSUnderlyingError=0x7fccebc51ae0 "The operation couldn’t be completed. No such file or directory"}. User info: {
    NSFilePath = "/Users/alex/Coding/geosim/liquidfuang.1_0.compiler
    cd /Users/alex/Coding/geosim/liquidfun/Box2D/CMakeFiles/CMakeTmp
    export LANG=en_US.US-ASCII
    /Applications/Xcode.app/Contents/Developer/Toolchains/XcodeDefault.xctoolchain/usr/bin/clang -x c -arch x86_64 -fmessage-length=0 -fdiagnostics-show-note-include-stack -fmacro-backtrace-limit=0 -Wno-trigraphs -fpascal-strings -O0 -Wno-missing-field-initializers -Wno-missing-prototypes -Wno-return-type -Wno-missing-braces -Wparentheses -Wswitch -Wno-unused-function -Wno-unused-label -Wno-unused-parameter -Wno-unused-variable -Wunused-value -Wno-empty-body -Wno-uninitialized -Wno-unknown-pragmas -Wno-shadow -Wno-four-char-constants -Wno-conversion -Wno-constant-conversion -Wno-int-conversion -Wno-bool-conversion -Wno-enum-conversion -Wno-shorten-64-to-32 -Wpointer-sign -Wno-newline-eof -DCMAKE_INTDIR=\"Debug\" -isysroot /Applications/Xcode.app/Contents/Developer/Platforms/MacOSX.platform/Developer/SDKs/MacOSX10.8.sdk -fasm-blocks -fstrict-aliasing -Wdeprecated-declarations -mmacosx-version-min/Box2D/CMakeFiles/CMakeTmp/CMAKE_TRY_COMPILE.build/Debug/cmTryCompileExec2058819393.build/Objects-normal/x86_64/CheckIncludeFiles.d";
    NSUnderlyingError = "Error Domain=NSPOSIXErrorDomain Code=2 \"The operation couldn\U2019t be completed. No such file or directory\"";
}.
Function: void XCGccMakefileDependenciesParsePathsFromRuleFile(NSString *__strong, void (^__strong)(NSString *__strong))
Thread:   <NSThread: 0x7fccebc50b00>{name = (null), num = 9}
Please file a bug at http://bugreport.apple.com with this warning message and any useful information you can provide.
n=10.8 -g -Wno-sign-conversion -I/Users/alex/Coding/geosim/liquidfun/Box2D/CMakeFiles/CMakeTmp/Debug/include -I/Applications/Xcode.app/Contents/Developer/Toolchains/XcodeDefault.xctoolchain/usr/include -I/Users/alex/Coding/geosim/liquidfun/Box2D/CMakeFiles/CMakeTmp/CMAKE_TRY_COMPILE.build/Debug/cmTryCompileExec2058819393.build/DerivedSources/x86_64 -I/Users/alex/Coding/geosim/liquidfun/Box2D/CMakeFiles/CMakeTmp/CMAKE_TRY_COMPILE.build/Debug/cmTryCompileExec2058819393.build/DerivedSources -Wmost -Wno-four-char-constants -Wno-unknown-pragmas -F/Users/alex/Coding/geosim/liquidfun/Box2D/CMakeFiles/CMakeTmp/Debug -MMD -MT dependencies -MF /Users/alex/Coding/geosim/liquidfun/Box2D/CMakeFiles/CMakeTmp/CMAKE_TRY_COMPILE.build/Debug/cmTryCompileExec2058819393.build/Objects-normal/x86_64/CheckIncludeFiles.d --serialize-diagnostics /Users/alex/Coding/geosim/liquidfun/Box2D/CMakeFiles/CMakeTmp/CMAKE_TRY_COMPILE.build/Debug/cmTryCompileExec2058819393.build/Objects-normal/x86_64/CheckIncludeFiles.dia -c /Users/alex/Coding/geosim/liquidfun/Box2D/CMakeFiles/CMakeTmp/CheckIncludeFiles.c -o /Users/alex/Coding/geosim/liquidfun/Box2D/CMakeFiles/CMakeTmp/CMAKE_TRY_COMPILE.build/Debug/cmTryCompileExec2058819393.build/Objects-normal/x86_64/CheckIncludeFiles.o
/Users/alex/Coding/geosim/liquidfun/Box2D/CMakeFiles/CMakeTmp/CheckIncludeFiles.c:2:10: fatal error: 'usbhid.h' file not found
#include <usbhid.h>
         ^
1 error generated.

** BUILD FAILED **


The following build commands failed:
	CompileC CMAKE_TRY_COMPILE.build/Debug/cmTryCompileExec2058819393.build/Objects-normal/x86_64/CheckIncludeFiles.o CheckIncludeFiles.c normal x86_64 c com.apple.compilers.llvm.clang.1_0.compiler
(1 failure)

Source:
/* */
#include <usbhid.h>


int main(){return 0;}

Determining if the function _doprnt exists failed with the following output:
Change Dir: /Users/alex/Coding/geosim/liquidfun/Box2D/CMakeFiles/CMakeTmp

Run Build Command:/usr/local/Cellar/cmake/2.8.9/bin/cmakexbuild -project CMAKE_TRY_COMPILE.xcodeproj build -target cmTryCompileExec1099880352 -configuration Debug
=== BUILD TARGET cmTryCompileExec1099880352 OF PROJECT CMAKE_TRY_COMPILE WITH CONFIGURATION Debug ===

Check dependencies

Write auxiliary files
/bin/mkdir -p /Users/alex/Coding/geosim/liquidfun/Box2D/CMakeFiles/CMakeTmp/CMAKE_TRY_COMPILE.build/Debug/cmTryCompileExec1099880352.build
write-file /Users/alex/Coding/geosim/liquidfun/Box2D/CMakeFiles/CMakeTmp/CMAKE_TRY_COMPILE.build/Debug/cmTryCompileExec1099880352.build/Script-6328157839E142E9AF456142.sh
chmod 0755 /Users/alex/Coding/geosim/liquidfun/Box2D/CMakeFiles/CMakeTmp/CMAKE_TRY_COMPILE.build/Debug/cmTryCompileExec1099880352.build/Script-6328157839E142E9AF456142.sh
/bin/mkdir -p /Users/alex/Coding/geosim/liquidfun/Box2D/CMakeFiles/CMakeTmp/CMAKE_TRY_COMPILE.build/Debug/cmTryCompileExec1099880352.build/Objects-normal/x86_64
write-file /Users/alex/Coding/geosim/liquidfun/Box2D/CMakeFiles/CMakeTmp/CMAKE_TRY_COMPILE.build/Debug/cmTryCompileExec1099880352.build/Objects-normal/x86_64/cmTryCompileExec1099880352.LinkFileList

CompileC CMAKE_TRY_COMPILE.build/Debug** BUILD FAILED **


The following build commands failed:
	Ld Debug/cmTryCompileExec1099880352 normal x86_64
(1 failure)
/cmTryCompileExec1099880352.build/Objects-normal/x86_64/CheckFunctionExists.o /usr/local/Cellar/cmake/2.8.9/share/cmake/Modules/CheckFunctionExists.c normal x86_64 c com.apple.compilers.llvm.clang.1_0.compiler
    cd /Users/alex/Coding/geosim/liquidfun/Box2D/CMakeFiles/CMakeTmp
    export LANG=en_US.US-ASCII
    /Applications/Xcode.app/Contents/Developer/Toolchains/XcodeDefault.xctoolchain/usr/bin/clang -x c -arch x86_64 -fmessage-length=0 -fdiagnostics-show-note-include-stack -fmacro-backtrace-limit=0 -Wno-trigraphs -fpascal-strings -O0 -Wno-missing-field-initializers -Wno-missing-prototypes -Wno-return-type -Wno-missing-braces -Wparentheses -Wswitch -Wno-unused-function -Wno-unused-label -Wno-unused-parameter -Wno-unused-variable -Wunused-value -Wno-empty-body -Wno-uninitialized -Wno-unknown-pragmas -Wno-shadow -Wno-four-char-constants -Wno-conversion -Wno-constant-conversion -Wno-int-conversion -Wno-bool-conversion -Wno-enum-conversion -Wno-shorten-64-to-32 -Wpointer-sign -Wno-newline-eof -DCMAKE_INTDIR=\"Debug\" -isysroot /Applications/Xcode.app/Contents/Developer/Platforms/MacOSX.platform/Developer/SDKs/MacOSX10.8.sdk -fasm-blocks -fstrict-aliasing -Wdeprecated-declarations -mmacosx-version-min=10.8 -g -Wno-sign-conversion -I/Users/alex/Coding/geosim/liquidfun/Box2D/CMakeFiles/CMakeTmp/Debug/include -I/Applications/Xcode.app/Contents/Developer/Toolchains/XcodeDefault.xctoolchain/usr/include -I/Users/alex/Coding/geosim/liquidfun/Box2D/CMakeFiles/CMakeTmp/CMAKE_TRY_COMPILE.build/Debug/cmTryCompileExec1099880352.build/DerivedSources/x86_64 -I/Users/alex/Coding/geosim/liquidfun/Box2D/CMakeFiles/CMakeTmp/CMAKE_TRY_COMPILE.build/Debug/cmTryCompileExec1099880352.build/DerivedSources -Wmost -Wno-four-char-constants -Wno-unknown-pragmas -F/Users/alex/Coding/geosim/liquidfun/Box2D/CMakeFiles/CMakeTmp/Debug -DCHECK_FUNCTION_EXISTS=_doprnt -MMD -MT dependencies -MF /Users/alex/Coding/geosim/liquidfun/Box2D/CMakeFiles/CMakeTmp/CMAKE_TRY_COMPILE.build/Debug/cmTryCompileExec1099880352.build/Objects-normal/x86_64/CheckFunctionExists.d --serialize-diagnostics /Users/alex/Coding/geosim/liquidfun/Box2D/CMakeFiles/CMakeTmp/CMAKE_TRY_COMPILE.build/Debug/cmTryCompileExec1099880352.build/Objects-normal/x86_64/CheckFunctionExists.dia -c /usr/local/Cellar/cmake/2.8.9/share/cmake/Modules/CheckFunctionExists.c -o /Users/alex/Coding/geosim/liquidfun/Box2D/CMakeFiles/CMakeTmp/CMAKE_TRY_COMPILE.build/Debug/cmTryCompileExec1099880352.build/Objects-normal/x86_64/CheckFunctionExists.o

Ld Debug/cmTryCompileExec1099880352 normal x86_64
    cd /Users/alex/Coding/geosim/liquidfun/Box2D/CMakeFiles/CMakeTmp
    export MACOSX_DEPLOYMENT_TARGET=10.8
    /Applications/Xcode.app/Contents/Developer/Toolchains/XcodeDefault.xctoolchain/usr/bin/clang -arch x86_64 -isysroot /Applications/Xcode.app/Contents/Developer/Platforms/MacOSX.platform/Developer/SDKs/MacOSX10.8.sdk -L/Users/alex/Coding/geosim/liquidfun/Box2D/CMakeFiles/CMakeTmp/Debug -F/Users/alex/Coding/geosim/liquidfun/Box2D/CMakeFiles/CMakeTmp/Debug -filelist /Users/alex/Coding/geosim/liquidfun/Box2D/CMakeFiles/CMakeTmp/CMAKE_TRY_COMPILE.build/Debug/cmTryCompileExec1099880352.build/Objects-normal/x86_64/cmTryCompileExec1099880352.LinkFileList -mmacosx-version-min=10.8 -Wl,-search_paths_first -Wl,-headerpad_max_install_names -lm -Xlinker -dependency_info -Xlinker /Users/alex/Coding/geosim/liquidfun/Box2D/CMakeFiles/CMakeTmp/CMAKE_TRY_COMPILE.build/Debug/cmTryCompileExec1099880352.build/Objects-normal/x86_64/cmTryCompileExec1099880352_dependency_info.dat -o /Users/alex/Coding/geosim/liquidfun/Box2D/CMakeFiles/CMakeTmp/Debug/cmTryCompileExec1099880352
Undefined symbols for architecture x86_64:
  "__doprnt", referenced from:
      _main in CheckFunctionExists.o
ld: symbol(s) not found for architecture x86_64
clang: error: linker command failed with exit code 1 (use -v to see invocation)



Determining if the function XParseGeometry exists failed with the following output:
Change Dir: /Users/alex/Coding/geosim/liquidfun/Box2D/CMakeFiles/CMakeTmp

Run Build Command:/usr/local/Cellar/cmake/2.8.9/bin/cmakexbuild -project CMAKE_TRY_COMPILE.xcodeproj build -target cmTryCompileExec1968780809 -configuration Debug
=== BUILD TARGET cmTryCompileExec1968780809 OF PROJECT CMAKE_TRY_COMPILE WITH CONFIGURATION Debug ===

Check dependencies

Write auxiliary files
/bin/mkdir -p /Users/alex/Coding/geosim/liquidfun/Box2D/CMakeFiles/CMakeTmp/CMAKE_TRY_COMPILE.build/Debug/cmTryCompileExec1968780809.build/Objects-normal/x86_64
write-file /Users/alex/Coding/geosim/liquidfun/Box2D/CMakeFiles/CMakeTmp/CMAKE_TRY_COMPILE.build/Debug/cmTryCompileExec1968780809.build/Objects-normal/x86_64/cmTryCompileExec1968780809.LinkFileList
write-file /Users/alex/Coding/geosim/liquidfun/Box2D/CMakeFiles/CMakeTmp/CMAKE_TRY_COMPILE.build/Debug/cmTryCompileExec1968780809.build/Script-B2F6D091DE8741C08D567B89.sh
chmod 0755 /Users/alex/Coding/geosim/liquidfun/Box2D/CMakeFiles/CMakeTmp/CMAKE_TRY_COMPILE.build/Debug/cmTryCompileExec1968780809.build/Script-B2F6D091DE8741C08D567B89.sh

CompileC CMAKE_TRY_COMPILE.build/Debug/cmTryCompileExec1968780809.build/Objects-normal/x86_64/CheckFunctionExists.o /usr/local/Cellar/cmake/2.8.9/share/cmake/Modules/CheckFuncti** BUILD FAILED **


The following build commands failed:
	Ld Debug/cmTryCompileExec1968780809 normal x86_64
(1 failure)
onExists.c normal x86_64 c com.apple.compilers.llvm.clang.1_0.compiler
    cd /Users/alex/Coding/geosim/liquidfun/Box2D/CMakeFiles/CMakeTmp
    export LANG=en_US.US-ASCII
    /Applications/Xcode.app/Contents/Developer/Toolchains/XcodeDefault.xctoolchain/usr/bin/clang -x c -arch x86_64 -fmessage-length=0 -fdiagnostics-show-note-include-stack -fmacro-backtrace-limit=0 -Wno-trigraphs -fpascal-strings -O0 -Wno-missing-field-initializers -Wno-missing-prototypes -Wno-return-type -Wno-missing-braces -Wparentheses -Wswitch -Wno-unused-function -Wno-unused-label -Wno-unused-parameter -Wno-unused-variable -Wunused-value -Wno-empty-body -Wno-uninitialized -Wno-unknown-pragmas -Wno-shadow -Wno-four-char-constants -Wno-conversion -Wno-constant-conversion -Wno-int-conversion -Wno-bool-conversion -Wno-enum-conversion -Wno-shorten-64-to-32 -Wpointer-sign -Wno-newline-eof -DCMAKE_INTDIR=\"Debug\" -isysroot /Applications/Xcode.app/Contents/Developer/Platforms/MacOSX.platform/Developer/SDKs/MacOSX10.8.sdk -fasm-blocks -fstrict-aliasing -Wdeprecated-declarations -mmacosx-version-min=10.8 -g -Wno-sign-conversion -I/Users/alex/Coding/geosim/liquidfun/Box2D/CMakeFiles/CMakeTmp/Debug/include -I/Applications/Xcode.app/Contents/Developer/Toolchains/XcodeDefault.xctoolchain/usr/include -I/Users/alex/Coding/geosim/liquidfun/Box2D/CMakeFiles/CMakeTmp/CMAKE_TRY_COMPILE.build/Debug/cmTryCompileExec1968780809.build/DerivedSources/x86_64 -I/Users/alex/Coding/geosim/liquidfun/Box2D/CMakeFiles/CMakeTmp/CMAKE_TRY_COMPILE.build/Debug/cmTryCompileExec1968780809.build/DerivedSources -Wmost -Wno-four-char-constants -Wno-unknown-pragmas -F/Users/alex/Coding/geosim/liquidfun/Box2D/CMakeFiles/CMakeTmp/Debug -DCHECK_FUNCTION_EXISTS=XParseGeometry -MMD -MT dependencies -MF /Users/alex/Coding/geosim/liquidfun/Box2D/CMakeFiles/CMakeTmp/CMAKE_TRY_COMPILE.build/Debug/cmTryCompileExec1968780809.build/Objects-normal/x86_64/CheckFunctionExists.d --serialize-diagnostics /Users/alex/Coding/geosim/liquidfun/Box2D/CMakeFiles/CMakeTmp/CMAKE_TRY_COMPILE.build/Debug/cmTryCompileExec1968780809.build/Objects-normal/x86_64/CheckFunctionExists.dia -c /usr/local/Cellar/cmake/2.8.9/share/cmake/Modules/CheckFunctionExists.c -o /Users/alex/Coding/geosim/liquidfun/Box2D/CMakeFiles/CMakeTmp/CMAKE_TRY_COMPILE.build/Debug/cmTryCompileExec1968780809.build/Objects-normal/x86_64/CheckFunctionExists.o

Ld Debug/cmTryCompileExec1968780809 normal x86_64
    cd /Users/alex/Coding/geosim/liquidfun/Box2D/CMakeFiles/CMakeTmp
    export MACOSX_DEPLOYMENT_TARGET=10.8
    /Applications/Xcode.app/Contents/Developer/Toolchains/XcodeDefault.xctoolchain/usr/bin/clang -arch x86_64 -isysroot /Applications/Xcode.app/Contents/Developer/Platforms/MacOSX.platform/Developer/SDKs/MacOSX10.8.sdk -L/Users/alex/Coding/geosim/liquidfun/Box2D/CMakeFiles/CMakeTmp/Debug -F/Users/alex/Coding/geosim/liquidfun/Box2D/CMakeFiles/CMakeTmp/Debug -filelist /Users/alex/Coding/geosim/liquidfun/Box2D/CMakeFiles/CMakeTmp/CMAKE_TRY_COMPILE.build/Debug/cmTryCompileExec1968780809.build/Objects-normal/x86_64/cmTryCompileExec1968780809.LinkFileList -mmacosx-version-min=10.8 -Wl,-search_paths_first -Wl,-headerpad_max_install_names -lm -Xlinker -dependency_info -Xlinker /Users/alex/Coding/geosim/liquidfun/Box2D/CMakeFiles/CMakeTmp/CMAKE_TRY_COMPILE.build/Debug/cmTryCompileExec1968780809.build/Objects-normal/x86_64/cmTryCompileExec1968780809_dependency_info.dat -o /Users/alex/Coding/geosim/liquidfun/Box2D/CMakeFiles/CMakeTmp/Debug/cmTryCompileExec1968780809
Undefined symbols for architecture x86_64:
  "_XParseGeometry", referenced from:
      _main in CheckFunctionExists.o
ld: symbol(s) not found for architecture x86_64
clang: error: linker command failed with exit code 1 (use -v to see invocation)



